<?xml version='1.0' encoding='UTF-8'?>
<testsuite hostname="PC_de_Mehdi" name="todo.data.BijectionSuite" tests="7" errors="0" failures="0" skipped="0" time="0.004" timestamp="2024-09-18T19:24:33">
          <properties>
[...]
</properties>
          <testcase classname="todo.data.BijectionSuite" name="Task" time="0.001">
                      
                    </testcase><testcase classname="todo.data.BijectionSuite" name="Task-1" time="0.001">
                      
                    </testcase><testcase classname="todo.data.BijectionSuite" name="Tag" time="0.0">
                      
                    </testcase><testcase classname="todo.data.BijectionSuite" name="State:Active" time="0.0">
                      
                    </testcase><testcase classname="todo.data.BijectionSuite" name="State:Completed" time="0.001">
                      
                    </testcase><testcase classname="todo.data.BijectionSuite" name="Id" time="0.0">
                      
                    </testcase><testcase classname="todo.data.BijectionSuite" name="Tasks" time="0.001">
                      
                    </testcase>
          <system-out><![CDATA[]]></system-out>
          <system-err><![CDATA[]]></system-err>
        </testsuite>